<?xml version="1.0" encoding="UTF-8"?>
<!-- Generated by org.testng.reporters.JUnitReportReporter -->
<<<<<<< HEAD
<testsuite skipped="0" hostname="DESKTOP-JC2CKGE" name="AutomationTest.BrightTalkTest.RunnerTest" tests="2" failures="0" timestamp="2020-08-05T23:46:37 IST" time="31.405" errors="0">
  <testcase name="feature" time="21.427" classname="AutomationTest.BrightTalkTest.RunnerTest"/>
  <testcase name="feature" time="9.978" classname="AutomationTest.BrightTalkTest.RunnerTest"/>
=======
<testsuite skipped="0" hostname="DESKTOP-JC2CKGE" name="AutomationTest.BrightTalkTest.RunnerTest" tests="2" failures="0" timestamp="2020-08-08T13:06:16 IST" time="27.740" errors="0">
  <testcase name="feature" time="6.925" classname="AutomationTest.BrightTalkTest.RunnerTest"/>
  <testcase name="feature" time="20.815" classname="AutomationTest.BrightTalkTest.RunnerTest"/>
>>>>>>> stash
</testsuite> <!-- AutomationTest.BrightTalkTest.RunnerTest -->
