<?xml version="1.0" encoding="UTF-8"?>
<!-- Generated by org.testng.reporters.JUnitReportReporter -->
<testsuite skipped="0" hostname="singh-PC" name="AutomationTest.BrightTalkTest.RunnerTest" tests="2" failures="0" timestamp="13 Aug 2020 17:27:09 GMT" time="27.484" errors="0">
  <testcase name="feature" time="15.598" classname="AutomationTest.BrightTalkTest.RunnerTest"/>
  <testcase name="feature" time="11.886" classname="AutomationTest.BrightTalkTest.RunnerTest"/>
</testsuite> <!-- AutomationTest.BrightTalkTest.RunnerTest -->
